<?xml version="1.0" encoding="UTF-8"?>
<!-- Generated by org.testng.reporters.JUnitReportReporter -->
<testsuite hostname="DESKTOP-TD3L5QA" failures="0" tests="3" name="rahulshettyacademy.tests.SubmitOrderTest" time="39.905" errors="0" timestamp="2024-05-28T18:20:58 IST" skipped="0">
  <testcase classname="rahulshettyacademy.tests.SubmitOrderTest" name="submitOrder" time="12.885"/>
  <testcase classname="rahulshettyacademy.tests.SubmitOrderTest" name="submitOrder" time="11.693"/>
  <testcase classname="rahulshettyacademy.tests.SubmitOrderTest" name="orderHistory" time="15.327"/>
</testsuite> <!-- rahulshettyacademy.tests.SubmitOrderTest -->
