<?xml version="1.0" encoding="UTF-8"?>
<!-- Generated by org.testng.reporters.JUnitReportReporter -->
<testsuite hostname="DESKTOP-TD3L5QA" failures="0" tests="3" name="rahulshettyacademy.tests.SubmitOrderTest" time="33.483" errors="0" timestamp="2024-05-31T14:59:00 CEST" skipped="0">
  <testcase classname="rahulshettyacademy.tests.SubmitOrderTest" name="submitOrder" time="20.606"/>
  <testcase classname="rahulshettyacademy.tests.SubmitOrderTest" name="orderHistory" time="4.828"/>
  <testcase classname="rahulshettyacademy.tests.SubmitOrderTest" name="submitOrder" time="8.049"/>
</testsuite> <!-- rahulshettyacademy.tests.SubmitOrderTest -->
